{"@timestamp":"2023-01-17T14:25:41+01:00","level":"INFO","app_name":"jamo-backend","message":"Initializing Mongo!"}
{"@timestamp":"2023-01-17T14:25:41+01:00","level":"INFO","app_name":"jamo-backend","message":"Establishing mongoDB connection with given credentials..."}
{"@timestamp":"2023-01-17T14:25:41+01:00","level":"INFO","app_name":"jamo-backend","message":"Connecting to MongoDB..."}
{"@timestamp":"2023-01-17T14:25:41+01:00","level":"INFO","app_name":"jamo-backend","message":"Confirming MongoDB Connection..."}
{"@timestamp":"2023-01-17T14:25:41+01:00","level":"INFO","app_name":"jamo-backend","message":"Establishing Database collections and indexes..."}
{"@timestamp":"2023-01-17T14:25:41+01:00","level":"INFO","app_name":"jamo-backend","message":"MongoDB Initialized!"}
{"@timestamp":"2023-01-17T14:25:41+01:00","level":"INFO","app_name":"jamo-backend","message":"Configuring Routes!"}
{"@timestamp":"2023-01-17T14:25:41+01:00","level":"INFO","app_name":"jamo-backend","message":"server started"}
{"@timestamp":"2023-01-17T14:27:46+01:00","level":"INFO","app_name":"jamo-backend","message":"Initializing Mongo!"}
{"@timestamp":"2023-01-17T14:27:46+01:00","level":"INFO","app_name":"jamo-backend","message":"Establishing mongoDB connection with given credentials..."}
{"@timestamp":"2023-01-17T14:27:46+01:00","level":"INFO","app_name":"jamo-backend","message":"Connecting to MongoDB..."}
{"@timestamp":"2023-01-17T14:27:46+01:00","level":"INFO","app_name":"jamo-backend","message":"Confirming MongoDB Connection..."}
{"@timestamp":"2023-01-17T14:27:46+01:00","level":"INFO","app_name":"jamo-backend","message":"Establishing Database collections and indexes..."}
{"@timestamp":"2023-01-17T14:27:46+01:00","level":"INFO","app_name":"jamo-backend","message":"MongoDB Initialized!"}
{"@timestamp":"2023-01-17T14:27:46+01:00","level":"INFO","app_name":"jamo-backend","message":"Configuring Routes!"}
{"@timestamp":"2023-01-17T14:27:46+01:00","level":"INFO","app_name":"jamo-backend","message":"server started"}
{"@timestamp":"2023-01-17T14:32:35+01:00","level":"INFO","app_name":"jamo-backend","message":"Initializing Mongo!"}
{"@timestamp":"2023-01-17T14:32:35+01:00","level":"INFO","app_name":"jamo-backend","message":"Establishing mongoDB connection with given credentials..."}
{"@timestamp":"2023-01-17T14:32:35+01:00","level":"INFO","app_name":"jamo-backend","message":"Connecting to MongoDB..."}
{"@timestamp":"2023-01-17T14:32:35+01:00","level":"INFO","app_name":"jamo-backend","message":"Confirming MongoDB Connection..."}
{"@timestamp":"2023-01-17T14:32:35+01:00","level":"INFO","app_name":"jamo-backend","message":"Establishing Database collections and indexes..."}
{"@timestamp":"2023-01-17T14:32:35+01:00","level":"INFO","app_name":"jamo-backend","message":"MongoDB Initialized!"}
{"@timestamp":"2023-01-17T14:32:35+01:00","level":"INFO","app_name":"jamo-backend","message":"Configuring Routes!"}
{"@timestamp":"2023-01-17T14:32:35+01:00","level":"INFO","app_name":"jamo-backend","message":"server started"}
{"@timestamp":"2023-01-17T14:42:29+01:00","level":"INFO","app_name":"jamo-backend","message":"Initializing Mongo!"}
{"@timestamp":"2023-01-17T14:42:29+01:00","level":"INFO","app_name":"jamo-backend","message":"Establishing mongoDB connection with given credentials..."}
{"@timestamp":"2023-01-17T14:42:29+01:00","level":"INFO","app_name":"jamo-backend","message":"Connecting to MongoDB..."}
{"@timestamp":"2023-01-17T14:42:29+01:00","level":"INFO","app_name":"jamo-backend","message":"Confirming MongoDB Connection..."}
{"@timestamp":"2023-01-17T14:42:29+01:00","level":"INFO","app_name":"jamo-backend","message":"Establishing Database collections and indexes..."}
{"@timestamp":"2023-01-17T14:42:29+01:00","level":"INFO","app_name":"jamo-backend","message":"MongoDB Initialized!"}
{"@timestamp":"2023-01-17T14:42:29+01:00","level":"INFO","app_name":"jamo-backend","message":"Configuring Routes!"}
{"@timestamp":"2023-01-17T14:42:29+01:00","level":"INFO","app_name":"jamo-backend","message":"server started"}
